# JRE version: OpenJDK Runtime Environment (21.0.9) (build 21.0.9+-14787801-b1163.94)
# Java VM: OpenJDK 64-Bit Server VM (21.0.9+-14787801-b1163.94, mixed mode, tiered, compressed oops, compressed class ptrs, g1 gc, windows-amd64)
GC Precious Log:
 CardTable entry size: 512
 Card Set container configuration: InlinePtr #cards 4 size 8 Array Of Cards #cards 32 size 80 Howl #buckets 8 coarsen threshold 7372 Howl Bitmap #cards 1024 size 144 coarsen threshold 921 Card regions per heap region 1 cards per card region 8192
 CPUs: 8 total, 8 available
 Memory: 16217M
 Large Page Support: Disabled
 NUMA Support: Disabled
 Compressed Oops: Enabled (Zero based)
 Heap Region Size: 4M
 Heap Min Capacity: 8M
 Heap Initial Capacity: 256M
 Heap Max Capacity: 8G
 Pre-touch: Disabled
 Parallel Workers: 8
 Concurrent Workers: 2
 Concurrent Refinement Workers: 8
 Periodic GC: Disabled
Heap:
 garbage-first heap   total 1404928K, used 549807K [0x0000000600000000, 0x0000000800000000)
  region size 4096K, 18 young (73728K), 18 survivors (73728K)
 Metaspace       used 260310K, committed 263296K, reserved 1310720K
  class space    used 34236K, committed 35648K, reserved 1048576K
GC Heap History (20 events):
Event: 218.975 GC heap after
{Heap after GC invocations=135 (full 0):
 garbage-first heap   total 1392640K, used 511164K [0x0000000600000000, 0x0000000800000000)
  region size 4096K, 9 young (36864K), 9 survivors (36864K)
 Metaspace       used 259739K, committed 262784K, reserved 1310720K
  class space    used 34181K, committed 35648K, reserved 1048576K
}
Event: 220.424 GC heap before
{Heap before GC invocations=135 (full 0):
 garbage-first heap   total 1392640K, used 1309884K [0x0000000600000000, 0x0000000800000000)
  region size 4096K, 204 young (835584K), 9 survivors (36864K)
 Metaspace       used 259778K, committed 262784K, reserved 1310720K
  class space    used 34182K, committed 35648K, reserved 1048576K
}
Event: 220.459 GC heap after
{Heap after GC invocations=136 (full 0):
 garbage-first heap   total 1392640K, used 506898K [0x0000000600000000, 0x0000000800000000)
  region size 4096K, 10 young (40960K), 10 survivors (40960K)
 Metaspace       used 259778K, committed 262784K, reserved 1310720K
  class space    used 34182K, committed 35648K, reserved 1048576K
}
Event: 223.273 GC heap before
{Heap before GC invocations=136 (full 0):
 garbage-first heap   total 1392640K, used 1301522K [0x0000000600000000, 0x0000000800000000)
  region size 4096K, 204 young (835584K), 10 survivors (40960K)
 Metaspace       used 259799K, committed 262848K, reserved 1310720K
  class space    used 34183K, committed 35648K, reserved 1048576K
}
Event: 223.297 GC heap after
{Heap after GC invocations=137 (full 0):
 garbage-first heap   total 1392640K, used 510357K [0x0000000600000000, 0x0000000800000000)
  region size 4096K, 11 young (45056K), 11 survivors (45056K)
 Metaspace       used 259799K, committed 262848K, reserved 1310720K
  class space    used 34183K, committed 35648K, reserved 1048576K
}
Event: 225.644 GC heap before
{Heap before GC invocations=138 (full 0):
 garbage-first heap   total 1392640K, used 1300885K [0x0000000600000000, 0x0000000800000000)
  region size 4096K, 204 young (835584K), 11 survivors (45056K)
 Metaspace       used 259907K, committed 262912K, reserved 1310720K
  class space    used 34198K, committed 35648K, reserved 1048576K
}
Event: 225.679 GC heap after
{Heap after GC invocations=139 (full 0):
 garbage-first heap   total 1392640K, used 525923K [0x0000000600000000, 0x0000000800000000)
  region size 4096K, 14 young (57344K), 14 survivors (57344K)
 Metaspace       used 259907K, committed 262912K, reserved 1310720K
  class space    used 34198K, committed 35648K, reserved 1048576K
}
Event: 226.708 GC heap before
{Heap before GC invocations=139 (full 0):
 garbage-first heap   total 1392640K, used 1295971K [0x0000000600000000, 0x0000000800000000)
  region size 4096K, 203 young (831488K), 14 survivors (57344K)
 Metaspace       used 259993K, committed 262976K, reserved 1310720K
  class space    used 34209K, committed 35648K, reserved 1048576K
}
Event: 226.764 GC heap after
{Heap after GC invocations=140 (full 0):
 garbage-first heap   total 1392640K, used 536973K [0x0000000600000000, 0x0000000800000000)
  region size 4096K, 19 young (77824K), 19 survivors (77824K)
 Metaspace       used 259993K, committed 262976K, reserved 1310720K
  class space    used 34209K, committed 35648K, reserved 1048576K
}
Event: 227.841 GC heap before
{Heap before GC invocations=140 (full 0):
 garbage-first heap   total 1392640K, used 1282445K [0x0000000600000000, 0x0000000800000000)
  region size 4096K, 202 young (827392K), 19 survivors (77824K)
 Metaspace       used 260014K, committed 263040K, reserved 1310720K
  class space    used 34210K, committed 35648K, reserved 1048576K
}
Event: 227.886 GC heap after
{Heap after GC invocations=141 (full 0):
 garbage-first heap   total 1392640K, used 532666K [0x0000000600000000, 0x0000000800000000)
  region size 4096K, 10 young (40960K), 10 survivors (40960K)
 Metaspace       used 260014K, committed 263040K, reserved 1310720K
  class space    used 34210K, committed 35648K, reserved 1048576K
}
Event: 229.491 GC heap before
{Heap before GC invocations=142 (full 0):
 garbage-first heap   total 1392640K, used 1298618K [0x0000000600000000, 0x0000000800000000)
  region size 4096K, 198 young (811008K), 10 survivors (40960K)
 Metaspace       used 260020K, committed 263040K, reserved 1310720K
  class space    used 34210K, committed 35648K, reserved 1048576K
}
Event: 229.520 GC heap after
{Heap after GC invocations=143 (full 0):
 garbage-first heap   total 1392640K, used 533518K [0x0000000600000000, 0x0000000800000000)
  region size 4096K, 10 young (40960K), 10 survivors (40960K)
 Metaspace       used 260020K, committed 263040K, reserved 1310720K
  class space    used 34210K, committed 35648K, reserved 1048576K
}
Event: 230.198 GC heap before
{Heap before GC invocations=143 (full 0):
 garbage-first heap   total 1392640K, used 1315854K [0x0000000600000000, 0x0000000800000000)
  region size 4096K, 201 young (823296K), 10 survivors (40960K)
 Metaspace       used 260074K, committed 263040K, reserved 1310720K
  class space    used 34216K, committed 35648K, reserved 1048576K
}
Event: 230.241 GC heap after
{Heap after GC invocations=144 (full 0):
 garbage-first heap   total 1392640K, used 542401K [0x0000000600000000, 0x0000000800000000)
  region size 4096K, 13 young (53248K), 13 survivors (53248K)
 Metaspace       used 260074K, committed 263040K, reserved 1310720K
  class space    used 34216K, committed 35648K, reserved 1048576K
}
Event: 231.036 GC heap before
{Heap before GC invocations=144 (full 0):
 garbage-first heap   total 1392640K, used 1316545K [0x0000000600000000, 0x0000000800000000)
  region size 4096K, 202 young (827392K), 13 survivors (53248K)
 Metaspace       used 260155K, committed 263104K, reserved 1310720K
  class space    used 34228K, committed 35648K, reserved 1048576K
}
Event: 231.070 GC heap after
{Heap after GC invocations=145 (full 0):
 garbage-first heap   total 1392640K, used 546497K [0x0000000600000000, 0x0000000800000000)
  region size 4096K, 14 young (57344K), 14 survivors (57344K)
 Metaspace       used 260155K, committed 263104K, reserved 1310720K
  class space    used 34228K, committed 35648K, reserved 1048576K
}
Event: 232.468 GC heap before
{Heap before GC invocations=146 (full 0):
 garbage-first heap   total 1392640K, used 1316545K [0x0000000600000000, 0x0000000800000000)
  region size 4096K, 203 young (831488K), 14 survivors (57344K)
 Metaspace       used 260216K, committed 263168K, reserved 1310720K
  class space    used 34232K, committed 35648K, reserved 1048576K
}
Event: 232.499 GC heap after
{Heap after GC invocations=147 (full 0):
 garbage-first heap   total 1392640K, used 539578K [0x0000000600000000, 0x0000000800000000)
  region size 4096K, 13 young (53248K), 13 survivors (53248K)
 Metaspace       used 260216K, committed 263168K, reserved 1310720K
  class space    used 34232K, committed 35648K, reserved 1048576K
}
Event: 233.466 GC heap before
{Heap before GC invocations=147 (full 0):
 garbage-first heap   total 1392640K, used 1313722K [0x0000000600000000, 0x0000000800000000)
  region size 4096K, 204 young (835584K), 13 survivors (53248K)
 Metaspace       used 260310K, committed 263296K, reserved 1310720K
  class space    used 34236K, committed 35648K, reserved 1048576K
}

